<?xml version="1.0" encoding="UTF-8"?>
<testng-results ignored="0" total="1" passed="1" failed="0" skipped="0">
  <reporter-output>
  </reporter-output>
  <suite started-at="2021-11-11T12:10:02 IST" name="Default suite" finished-at="2021-11-11T12:10:02 IST" duration-ms="56">
    <groups>
    </groups>
    <test started-at="2021-11-11T12:10:02 IST" name="Default test" finished-at="2021-11-11T12:10:02 IST" duration-ms="56">
      <class name="practice.demo1">
        <test-method signature="demo()[pri:0, instance:practice.demo1@68e965f5]" started-at="2021-11-11T12:10:02 IST" name="demo" finished-at="2021-11-11T12:10:02 IST" duration-ms="10" status="PASS">
          <reporter-output>
          </reporter-output>
        </test-method> <!-- demo -->
      </class> <!-- practice.demo1 -->
    </test> <!-- Default test -->
  </suite> <!-- Default suite -->
</testng-results>
